<?xml version="1.0" encoding="UTF-8"?>
<!-- Generated by org.testng.reporters.JUnitReportReporter -->
<testsuite skipped="0" hostname="Ban-1Cnarayan-m.local" name="com.krunal.zensar.tests.firstUi" tests="2" failures="0" timestamp="19 Jul 2018 06:12:11 GMT" time="12.502" errors="0">
  <testcase name="trytwo" time="3.178" classname="com.krunal.zensar.tests.firstUi"/>
  <testcase name="tryone" time="9.324" classname="com.krunal.zensar.tests.firstUi"/>
</testsuite> <!-- com.krunal.zensar.tests.firstUi -->
