<?xml version="1.0" encoding="UTF-8"?>
<!-- Generated by org.testng.reporters.JUnitReportReporter -->
<testsuite skipped="0" hostname="Ban-1Cnarayan-m.local" name="com.krunal.zensar.tests.secondUi" tests="2" failures="0" timestamp="19 Jul 2018 06:12:11 GMT" time="8.582" errors="0">
  <testcase name="tryfour" time="2.891" classname="com.krunal.zensar.tests.secondUi"/>
  <testcase name="trythree" time="5.691" classname="com.krunal.zensar.tests.secondUi"/>
</testsuite> <!-- com.krunal.zensar.tests.secondUi -->
